<?xml version="1.0" encoding="UTF-8"?>
<testng-results skipped="0" failed="0" ignored="0" total="1" passed="1">
  <reporter-output>
  </reporter-output>
  <suite name="Default suite" duration-ms="11125" started-at="2018-02-22T14:23:29Z" finished-at="2018-02-22T14:23:40Z">
    <groups>
    </groups>
    <test name="Default test" duration-ms="11125" started-at="2018-02-22T14:23:29Z" finished-at="2018-02-22T14:23:40Z">
      <class name="storeProject.FindingTheLinks">
        <test-method status="PASS" signature="setup()[pri:0, instance:storeProject.FindingTheLinks@3bfdc050]" name="setup" is-config="true" duration-ms="7135" started-at="2018-02-22T15:23:29Z" finished-at="2018-02-22T15:23:37Z">
          <reporter-output>
          </reporter-output>
        </test-method> <!-- setup -->
        <test-method status="PASS" signature="FindingLinks()[pri:0, instance:storeProject.FindingTheLinks@3bfdc050]" name="FindingLinks" duration-ms="3953" started-at="2018-02-22T15:23:37Z" finished-at="2018-02-22T15:23:40Z">
          <reporter-output>
          </reporter-output>
        </test-method> <!-- FindingLinks -->
        <test-method status="PASS" signature="teardown()[pri:0, instance:storeProject.FindingTheLinks@3bfdc050]" name="teardown" is-config="true" duration-ms="0" started-at="2018-02-22T15:23:40Z" finished-at="2018-02-22T15:23:40Z">
          <reporter-output>
          </reporter-output>
        </test-method> <!-- teardown -->
      </class> <!-- storeProject.FindingTheLinks -->
    </test> <!-- Default test -->
  </suite> <!-- Default suite -->
</testng-results>
